<?xml version="1.0" encoding="UTF-8"?>
<!-- Generated by org.testng.reporters.JUnitReportReporter -->
<testsuite hostname="LAPTOP-R5TA8NN3" failures="0" tests="2" name="MainProject.MavenJ.AppiumTest" time="0.009" errors="0" timestamp="2022-02-14T12:48:05 CET" skipped="0">
  <testcase classname="MainProject.MavenJ.AppiumTest" name="NativeAppAndroid" time="0.001"/>
  <system-out/>
  <testcase classname="MainProject.MavenJ.AppiumTest" name="IOSApps" time="0.008"/>
  <system-out/>
</testsuite> <!-- MainProject.MavenJ.AppiumTest -->
