<?xml version="1.0" encoding="UTF-8"?>
<!-- Generated by org.testng.reporters.JUnitReportReporter -->
<testsuite hostname="LAPTOP-R5TA8NN3" failures="0" tests="2" name="MainProject.MavenJ.RestAPITest" time="0.002" errors="0" timestamp="2021-08-26T17:09:57 CEST" skipped="0">
  <testcase classname="MainProject.MavenJ.RestAPITest" name="postJira" time="0.000"/>
  <system-out/>
  <testcase classname="MainProject.MavenJ.RestAPITest" name="deletTwitter" time="0.002"/>
  <system-out/>
</testsuite> <!-- MainProject.MavenJ.RestAPITest -->
