<?xml version="1.0" encoding="UTF-8"?>
<!-- Generated by org.testng.reporters.JUnitReportReporter -->
<testsuite hostname="LAPTOP-R5TA8NN3" failures="0" tests="2" name="MainProject.MavenJ.SeleniumTest" time="0.000" errors="0" timestamp="2021-08-26T17:09:57 CEST" skipped="0">
  <testcase classname="MainProject.MavenJ.SeleniumTest" name="elementsUi" time="0.000"/>
  <system-out/>
  <testcase classname="MainProject.MavenJ.SeleniumTest" name="BrowserAutomation" time="0.000"/>
  <system-out/>
</testsuite> <!-- MainProject.MavenJ.SeleniumTest -->
